0 info it worked if it ends with ok
1 verbose cli [ 'C:\\Program Files (x86)\\nodejs\\node.exe',
1 verbose cli   'C:\\Program Files (x86)\\nodejs\\node_modules\\npm\\bin\\npm-cli.js',
1 verbose cli   'start' ]
2 info using npm@3.8.9
3 info using node@v6.2.0
4 verbose run-script [ 'prestart', 'start', 'poststart' ]
5 info lifecycle TeamUp@1.0.0~prestart: TeamUp@1.0.0
6 silly lifecycle TeamUp@1.0.0~prestart: no script for prestart, continuing
7 info lifecycle TeamUp@1.0.0~start: TeamUp@1.0.0
8 verbose lifecycle TeamUp@1.0.0~start: unsafe-perm in lifecycle true
9 verbose lifecycle TeamUp@1.0.0~start: PATH: C:\Program Files (x86)\nodejs\node_modules\npm\bin\node-gyp-bin;F:\RBK\Thesis project\TeamUp\node_modules\.bin;C:\Program Files (x86)\nodejs;C:\Users\RaNa\bin;C:\Program Files (x86)\Git\mingw32\bin;C:\Program Files (x86)\Git\usr\local\bin;C:\Program Files (x86)\Git\usr\bin;C:\Program Files (x86)\Git\usr\bin;C:\Program Files (x86)\Git\mingw32\bin;C:\Program Files (x86)\Git\usr\bin;C:\Users\RaNa\bin;C:\Program Files\Common Files\Microsoft Shared\Windows Live;C:\Program Files (x86)\Common Files\Microsoft Shared\Windows Live;C:\Python27;C:\Python27\Scripts;C:\Program Files (x86)\HP SimplePass 2011\x64;C:\Program Files (x86)\HP SimplePass 2011;C:\Program Files\Broadcom\Broadcom 802.11\Driver;C:\WINDOWS\system32;C:\WINDOWS;C:\WINDOWS\System32\Wbem;C:\WINDOWS\System32\WindowsPowerShell\v1.0;C:\Program Files (x86)\ATI Technologies\ATI.ACE\Core-Static;C:\Program Files\WIDCOMM\Bluetooth Software;C:\Program Files\WIDCOMM\Bluetooth Software\syswow64;C:\Program Files\Broadcom\WHL;C:\Program Files\Broadcom\WHL\syswow64;C:\Program Files\Broadcom\WHL\SysWow64;C:\Program Files (x86)\Intel\Services\IPT;C:\Program Files (x86)\QuickTime\QTSystem;C:\Program Files\Microsoft DNX\Dnvm;C:\Program Files (x86)\Windows Kits\10\Windows Performance Toolkit;C:\Program Files (x86)\GtkSharp\2.12\bin;C:\Program Files (x86)\Skype\Phone;C:\Program Files (x86)\nodejs;C:\Program Files\Git\cmd;C:\Program Files\Git\mingw64\bin;C:\Program Files\Git\usr\bin;C:\Program Files (x86)\MySQL\MySQL Fabric 1.5 & MySQL Utilities 1.5;C:\Program Files (x86)\MySQL\MySQL Fabric 1.5 & MySQL Utilities 1.5\Doctrine extensions for PHP;C:\Program Files (x86)\Heroku\bin;C:\Program Files (x86)\git\cmd;C:\Program Files (x86)\Git\cmd;C:\Program Files\MongoDB\Server\3.2\bin;C:\Python34;C:\HashiCorp\Vagrant\bin;C:\Program Files (x86)\Windows Live\Shared;C:\Ruby23-x64\bin;C:\Users\RaNa\AppData\Roaming\Python\Scripts;C:\Program Files (x86)\Java\jre7\bin;C:\Program Files (x86)\Microsoft VS Code\bin;C:\Users\RaNa\AppData\Roaming\npm;C:\Program Files\MySQL\MySQL Server 5.7\bin;C:\Program Files (x86)\Git\usr\bin\vendor_perl;C:\Program Files (x86)\Git\usr\bin\core_perl
10 verbose lifecycle TeamUp@1.0.0~start: CWD: F:\RBK\Thesis project\TeamUp
11 silly lifecycle TeamUp@1.0.0~start: Args: [ '/d /s /c', 'nodemon --ignore node_modules server/server.js' ]
12 silly lifecycle TeamUp@1.0.0~start: Returned: code: 1  signal: null
13 info lifecycle TeamUp@1.0.0~start: Failed to exec start script
14 verbose stack Error: TeamUp@1.0.0 start: `nodemon --ignore node_modules server/server.js`
14 verbose stack Exit status 1
14 verbose stack     at EventEmitter.<anonymous> (C:\Program Files (x86)\nodejs\node_modules\npm\lib\utils\lifecycle.js:245:16)
14 verbose stack     at emitTwo (events.js:106:13)
14 verbose stack     at EventEmitter.emit (events.js:191:7)
14 verbose stack     at ChildProcess.<anonymous> (C:\Program Files (x86)\nodejs\node_modules\npm\lib\utils\spawn.js:24:14)
14 verbose stack     at emitTwo (events.js:106:13)
14 verbose stack     at ChildProcess.emit (events.js:191:7)
14 verbose stack     at maybeClose (internal/child_process.js:850:16)
14 verbose stack     at Process.ChildProcess._handle.onexit (internal/child_process.js:215:5)
15 verbose pkgid TeamUp@1.0.0
16 verbose cwd F:\RBK\Thesis project\TeamUp
17 error Windows_NT 10.0.10586
18 error argv "C:\\Program Files (x86)\\nodejs\\node.exe" "C:\\Program Files (x86)\\nodejs\\node_modules\\npm\\bin\\npm-cli.js" "start"
19 error node v6.2.0
20 error npm  v3.8.9
21 error code ELIFECYCLE
22 error TeamUp@1.0.0 start: `nodemon --ignore node_modules server/server.js`
22 error Exit status 1
23 error Failed at the TeamUp@1.0.0 start script 'nodemon --ignore node_modules server/server.js'.
23 error Make sure you have the latest version of node.js and npm installed.
23 error If you do, this is most likely a problem with the TeamUp package,
23 error not with npm itself.
23 error Tell the author that this fails on your system:
23 error     nodemon --ignore node_modules server/server.js
23 error You can get information on how to open an issue for this project with:
23 error     npm bugs TeamUp
23 error Or if that isn't available, you can get their info via:
23 error     npm owner ls TeamUp
23 error There is likely additional logging output above.
24 verbose exit [ 1, true ]
